2025-01-15 04:32:36 - Starting MsOrderApplication using Java 21.0.5 with PID 4008 (/Users/elkhanisayev/Documents/projects/g42/oms/ms-order/build/classes/java/main started by elkhanisayev in /Users/elkhanisayev/Documents/projects/g42/oms/ms-order)
2025-01-15 04:32:36 - The following 2 profiles are active: "logger", "db"
2025-01-15 04:32:36 - Bootstrapping Spring Data JPA repositories in DEFAULT mode.
2025-01-15 04:32:36 - Finished Spring Data repository scanning in 11 ms. Found 1 JPA repository interface.
2025-01-15 04:32:36 - Tomcat initialized with port 8080 (http)
2025-01-15 04:32:36 - Starting service [Tomcat]
2025-01-15 04:32:36 - Starting Servlet engine: [Apache Tomcat/10.1.34]
2025-01-15 04:32:36 - Initializing Spring embedded WebApplicationContext
2025-01-15 04:32:36 - Root WebApplicationContext: initialization completed in 542 ms
2025-01-15 04:32:36 - HikariUserCP - Starting...
2025-01-15 04:32:36 - HikariUserCP - Added connection org.postgresql.jdbc.PgConnection@1850f2da
2025-01-15 04:32:36 - HikariUserCP - Start completed.
2025-01-15 04:32:36 - Set default schema name to public
2025-01-15 04:32:37 - Reading from public.msorderchangelog
2025-01-15 04:32:37 - Database is up to date, no changesets to execute
2025-01-15 04:32:37 - Reading from public.msorderchangelog
2025-01-15 04:32:37 - UPDATE SUMMARY
2025-01-15 04:32:37 - Run:                          0
2025-01-15 04:32:37 - Previously run:               2
2025-01-15 04:32:37 - Filtered out:                 0
2025-01-15 04:32:37 - -------------------------------
2025-01-15 04:32:37 - Total change sets:            2
2025-01-15 04:32:37 - Update summary generated
2025-01-15 04:32:37 - Command execution complete
2025-01-15 04:32:37 - HHH000204: Processing PersistenceUnitInfo [name: default]
2025-01-15 04:32:37 - HHH000412: Hibernate ORM core version 6.6.4.Final
2025-01-15 04:32:37 - HHH000026: Second-level cache disabled
2025-01-15 04:32:37 - No LoadTimeWeaver setup: ignoring JPA class transformer
2025-01-15 04:32:37 - HHH90000025: PostgreSQLDialect does not need to be specified explicitly using 'hibernate.dialect' (remove the property setting and it will be selected by default)
2025-01-15 04:32:37 - HHH10001005: Database info:
	Database JDBC URL [Connecting through datasource 'HikariDataSource (HikariUserCP)']
	Database driver: undefined/unknown
	Database version: 14.15
	Autocommit mode: undefined/unknown
	Isolation level: undefined/unknown
	Minimum pool size: undefined/unknown
	Maximum pool size: undefined/unknown
2025-01-15 04:32:37 - HHH000489: No JTA platform available (set 'hibernate.transaction.jta.platform' to enable JTA platform integration)
2025-01-15 04:32:37 - Initialized JPA EntityManagerFactory for persistence unit 'default'
2025-01-15 04:32:37 - spring.jpa.open-in-view is enabled by default. Therefore, database queries may be performed during view rendering. Explicitly configure spring.jpa.open-in-view to disable this warning
2025-01-15 04:32:37 - Exposing 1 endpoint beneath base path '/actuator'
2025-01-15 04:32:37 - Tomcat started on port 8080 (http) with context path '/'
2025-01-15 04:32:37 - Started MsOrderApplication in 1.944 seconds (process running for 2.178)
2025-01-15 04:32:38 - Initializing Spring DispatcherServlet 'dispatcherServlet'
2025-01-15 04:32:38 - Initializing Servlet 'dispatcherServlet'
2025-01-15 04:32:38 - Completed initialization in 0 ms
2025-01-15 04:34:30 - Commencing graceful shutdown. Waiting for active requests to complete
2025-01-15 04:34:30 - Graceful shutdown complete
2025-01-15 04:34:30 - Closing JPA EntityManagerFactory for persistence unit 'default'
2025-01-15 04:34:30 - HikariUserCP - Shutdown initiated...
2025-01-15 04:34:30 - HikariUserCP - Shutdown completed.
2025-01-15 04:38:23 - Starting MsOrderApplication using Java 21.0.5 with PID 4203 (/Users/elkhanisayev/Documents/projects/g42/oms/ms-order/build/classes/java/main started by elkhanisayev in /Users/elkhanisayev/Documents/projects/g42/oms/ms-order)
2025-01-15 04:38:23 - The following 2 profiles are active: "logger", "db"
2025-01-15 04:38:23 - Bootstrapping Spring Data JPA repositories in DEFAULT mode.
2025-01-15 04:38:23 - Finished Spring Data repository scanning in 11 ms. Found 1 JPA repository interface.
2025-01-15 04:38:23 - Tomcat initialized with port 8080 (http)
2025-01-15 04:38:23 - Starting service [Tomcat]
2025-01-15 04:38:23 - Starting Servlet engine: [Apache Tomcat/10.1.34]
2025-01-15 04:38:23 - Initializing Spring embedded WebApplicationContext
2025-01-15 04:38:23 - Root WebApplicationContext: initialization completed in 508 ms
2025-01-15 04:38:23 - HikariUserCP - Starting...
2025-01-15 04:38:23 - HikariUserCP - Added connection org.postgresql.jdbc.PgConnection@3bab95ca
2025-01-15 04:38:23 - HikariUserCP - Start completed.
2025-01-15 04:38:23 - Set default schema name to public
2025-01-15 04:38:24 - Reading from public.msorderchangelog
2025-01-15 04:38:24 - Database is up to date, no changesets to execute
2025-01-15 04:38:24 - Reading from public.msorderchangelog
2025-01-15 04:38:24 - UPDATE SUMMARY
2025-01-15 04:38:24 - Run:                          0
2025-01-15 04:38:24 - Previously run:               2
2025-01-15 04:38:24 - Filtered out:                 0
2025-01-15 04:38:24 - -------------------------------
2025-01-15 04:38:24 - Total change sets:            2
2025-01-15 04:38:24 - Update summary generated
2025-01-15 04:38:24 - Command execution complete
2025-01-15 04:38:24 - HHH000204: Processing PersistenceUnitInfo [name: default]
2025-01-15 04:38:24 - HHH000412: Hibernate ORM core version 6.6.4.Final
2025-01-15 04:38:24 - HHH000026: Second-level cache disabled
2025-01-15 04:38:24 - No LoadTimeWeaver setup: ignoring JPA class transformer
2025-01-15 04:38:24 - HHH90000025: PostgreSQLDialect does not need to be specified explicitly using 'hibernate.dialect' (remove the property setting and it will be selected by default)
2025-01-15 04:38:24 - HHH10001005: Database info:
	Database JDBC URL [Connecting through datasource 'HikariDataSource (HikariUserCP)']
	Database driver: undefined/unknown
	Database version: 14.15
	Autocommit mode: undefined/unknown
	Isolation level: undefined/unknown
	Minimum pool size: undefined/unknown
	Maximum pool size: undefined/unknown
2025-01-15 04:38:24 - HHH000489: No JTA platform available (set 'hibernate.transaction.jta.platform' to enable JTA platform integration)
2025-01-15 04:38:24 - Initialized JPA EntityManagerFactory for persistence unit 'default'
2025-01-15 04:38:24 - spring.jpa.open-in-view is enabled by default. Therefore, database queries may be performed during view rendering. Explicitly configure spring.jpa.open-in-view to disable this warning
2025-01-15 04:38:24 - Exposing 1 endpoint beneath base path '/actuator'
2025-01-15 04:38:24 - Tomcat started on port 8080 (http) with context path '/'
2025-01-15 04:38:24 - Started MsOrderApplication in 1.88 seconds (process running for 2.072)
2025-01-15 04:38:25 - Initializing Spring DispatcherServlet 'dispatcherServlet'
2025-01-15 04:38:25 - Initializing Servlet 'dispatcherServlet'
2025-01-15 04:38:25 - Completed initialization in 1 ms
2025-01-15 04:38:41 - Commencing graceful shutdown. Waiting for active requests to complete
2025-01-15 04:38:41 - Graceful shutdown complete
2025-01-15 04:38:41 - Closing JPA EntityManagerFactory for persistence unit 'default'
2025-01-15 04:38:41 - HikariUserCP - Shutdown initiated...
2025-01-15 04:38:41 - HikariUserCP - Shutdown completed.
2025-01-15 05:58:41 - Starting MsOrderApplicationTests using Java 21.0.5 with PID 6036 (started by elkhanisayev in /Users/elkhanisayev/Documents/projects/g42/oms/ms-order)
2025-01-15 05:58:41 - The following 2 profiles are active: "logger", "db"
2025-01-15 05:58:42 - Bootstrapping Spring Data JPA repositories in DEFAULT mode.
2025-01-15 05:58:42 - Finished Spring Data repository scanning in 13 ms. Found 1 JPA repository interface.
2025-01-15 05:58:42 - HikariUserCP - Starting...
2025-01-15 05:58:42 - HikariUserCP - Added connection org.postgresql.jdbc.PgConnection@63dc3420
2025-01-15 05:58:42 - HikariUserCP - Start completed.
2025-01-15 05:58:42 - Set default schema name to public
2025-01-15 05:58:42 - Reading from public.msorderchangelog
2025-01-15 05:58:42 - Database is up to date, no changesets to execute
2025-01-15 05:58:42 - Reading from public.msorderchangelog
2025-01-15 05:58:42 - UPDATE SUMMARY
2025-01-15 05:58:42 - Run:                          0
2025-01-15 05:58:42 - Previously run:               2
2025-01-15 05:58:42 - Filtered out:                 0
2025-01-15 05:58:42 - -------------------------------
2025-01-15 05:58:42 - Total change sets:            2
2025-01-15 05:58:42 - Update summary generated
2025-01-15 05:58:42 - Command execution complete
2025-01-15 05:58:42 - HHH000204: Processing PersistenceUnitInfo [name: default]
2025-01-15 05:58:42 - HHH000412: Hibernate ORM core version 6.6.4.Final
2025-01-15 05:58:42 - HHH000026: Second-level cache disabled
2025-01-15 05:58:42 - No LoadTimeWeaver setup: ignoring JPA class transformer
2025-01-15 05:58:42 - HHH90000025: PostgreSQLDialect does not need to be specified explicitly using 'hibernate.dialect' (remove the property setting and it will be selected by default)
2025-01-15 05:58:42 - HHH10001005: Database info:
	Database JDBC URL [Connecting through datasource 'HikariDataSource (HikariUserCP)']
	Database driver: undefined/unknown
	Database version: 14.15
	Autocommit mode: undefined/unknown
	Isolation level: undefined/unknown
	Minimum pool size: undefined/unknown
	Maximum pool size: undefined/unknown
2025-01-15 05:58:43 - HHH000489: No JTA platform available (set 'hibernate.transaction.jta.platform' to enable JTA platform integration)
2025-01-15 05:58:43 - Initialized JPA EntityManagerFactory for persistence unit 'default'
2025-01-15 05:58:43 - Exception encountered during context initialization - cancelling refresh attempt: org.springframework.beans.factory.UnsatisfiedDependencyException: Error creating bean with name 'orderController' defined in file [/Users/elkhanisayev/Documents/projects/g42/oms/ms-order/build/classes/java/main/com/oms/msorder/controller/OrderController.class]: Unsatisfied dependency expressed through constructor parameter 0: Error creating bean with name 'orderService' defined in file [/Users/elkhanisayev/Documents/projects/g42/oms/ms-order/build/classes/java/main/com/oms/msorder/service/OrderService.class]: Unsatisfied dependency expressed through constructor parameter 1: No qualifying bean of type 'com.oms.msorder.mapper.OrderMapper' available: expected at least 1 bean which qualifies as autowire candidate. Dependency annotations: {}
2025-01-15 05:58:43 - Closing JPA EntityManagerFactory for persistence unit 'default'
2025-01-15 05:58:43 - HikariUserCP - Shutdown initiated...
2025-01-15 05:58:43 - HikariUserCP - Shutdown completed.
2025-01-15 05:58:43 - 

Error starting ApplicationContext. To display the condition evaluation report re-run your application with 'debug' enabled.
2025-01-15 05:58:43 - 

***************************
APPLICATION FAILED TO START
***************************

Description:

Parameter 1 of constructor in com.oms.msorder.service.OrderService required a bean of type 'com.oms.msorder.mapper.OrderMapper' that could not be found.


Action:

Consider defining a bean of type 'com.oms.msorder.mapper.OrderMapper' in your configuration.

2025-01-15 05:58:43 - Caught exception while allowing TestExecutionListener [org.springframework.test.context.web.ServletTestExecutionListener] to prepare test instance [com.oms.msorder.MsOrderApplicationTests@3c9cab4]
java.lang.IllegalStateException: Failed to load ApplicationContext for [WebMergedContextConfiguration@10f64bc3 testClass = com.oms.msorder.MsOrderApplicationTests, locations = [], classes = [com.oms.msorder.MsOrderApplication], contextInitializerClasses = [], activeProfiles = [], propertySourceDescriptors = [], propertySourceProperties = ["org.springframework.boot.test.context.SpringBootTestContextBootstrapper=true"], contextCustomizers = [org.springframework.boot.test.autoconfigure.OnFailureConditionReportContextCustomizerFactory$OnFailureConditionReportContextCustomizer@2ceb80a1, org.springframework.boot.test.autoconfigure.actuate.observability.ObservabilityContextCustomizerFactory$DisableObservabilityContextCustomizer@1f, org.springframework.boot.test.autoconfigure.properties.PropertyMappingContextCustomizer@0, org.springframework.boot.test.autoconfigure.web.servlet.WebDriverContextCustomizer@4983159f, org.springframework.boot.test.context.filter.ExcludeFilterContextCustomizer@44040454, org.springframework.boot.test.json.DuplicateJsonObjectContextCustomizerFactory$DuplicateJsonObjectContextCustomizer@3724af13, org.springframework.boot.test.mock.mockito.MockitoContextCustomizer@0, org.springframework.boot.test.web.client.TestRestTemplateContextCustomizer@1253e7cb, org.springframework.boot.test.web.reactor.netty.DisableReactorResourceFactoryGlobalResourcesContextCustomizerFactory$DisableReactorResourceFactoryGlobalResourcesContextCustomizerCustomizer@61ce23ac, org.springframework.test.context.support.DynamicPropertiesContextCustomizer@0, org.springframework.boot.test.context.SpringBootTestAnnotation@e7d9160c], resourceBasePath = "src/main/webapp", contextLoader = org.springframework.boot.test.context.SpringBootContextLoader, parent = null]
	at org.springframework.test.context.cache.DefaultCacheAwareContextLoaderDelegate.loadContext(DefaultCacheAwareContextLoaderDelegate.java:180)
	at org.springframework.test.context.support.DefaultTestContext.getApplicationContext(DefaultTestContext.java:130)
	at org.springframework.test.context.web.ServletTestExecutionListener.setUpRequestContextIfNecessary(ServletTestExecutionListener.java:191)
	at org.springframework.test.context.web.ServletTestExecutionListener.prepareTestInstance(ServletTestExecutionListener.java:130)
	at org.springframework.test.context.TestContextManager.prepareTestInstance(TestContextManager.java:260)
	at org.springframework.test.context.junit.jupiter.SpringExtension.postProcessTestInstance(SpringExtension.java:160)
	at org.junit.jupiter.engine.descriptor.ClassBasedTestDescriptor.lambda$invokeTestInstancePostProcessors$11(ClassBasedTestDescriptor.java:378)
	at org.junit.jupiter.engine.descriptor.ClassBasedTestDescriptor.executeAndMaskThrowable(ClassBasedTestDescriptor.java:383)
	at org.junit.jupiter.engine.descriptor.ClassBasedTestDescriptor.lambda$invokeTestInstancePostProcessors$12(ClassBasedTestDescriptor.java:378)
	at java.base/java.util.stream.ForEachOps$ForEachOp$OfRef.accept(ForEachOps.java:184)
	at java.base/java.util.stream.ReferencePipeline$3$1.accept(ReferencePipeline.java:197)
	at java.base/java.util.stream.ReferencePipeline$2$1.accept(ReferencePipeline.java:179)
	at java.base/java.util.stream.ReferencePipeline$3$1.accept(ReferencePipeline.java:197)
	at java.base/java.util.ArrayList$ArrayListSpliterator.forEachRemaining(ArrayList.java:1708)
	at java.base/java.util.stream.AbstractPipeline.copyInto(AbstractPipeline.java:509)
	at java.base/java.util.stream.AbstractPipeline.wrapAndCopyInto(AbstractPipeline.java:499)
	at java.base/java.util.stream.ForEachOps$ForEachOp.evaluateSequential(ForEachOps.java:151)
	at java.base/java.util.stream.ForEachOps$ForEachOp$OfRef.evaluateSequential(ForEachOps.java:174)
	at java.base/java.util.stream.AbstractPipeline.evaluate(AbstractPipeline.java:234)
	at java.base/java.util.stream.ReferencePipeline.forEach(ReferencePipeline.java:596)
	at org.junit.jupiter.engine.descriptor.ClassBasedTestDescriptor.invokeTestInstancePostProcessors(ClassBasedTestDescriptor.java:377)
	at org.junit.jupiter.engine.descriptor.ClassBasedTestDescriptor.lambda$instantiateAndPostProcessTestInstance$7(ClassBasedTestDescriptor.java:290)
	at org.junit.platform.engine.support.hierarchical.ThrowableCollector.execute(ThrowableCollector.java:73)
	at org.junit.jupiter.engine.descriptor.ClassBasedTestDescriptor.instantiateAndPostProcessTestInstance(ClassBasedTestDescriptor.java:289)
	at org.junit.jupiter.engine.descriptor.ClassBasedTestDescriptor.lambda$testInstancesProvider$5(ClassBasedTestDescriptor.java:279)
	at java.base/java.util.Optional.orElseGet(Optional.java:364)
	at org.junit.jupiter.engine.descriptor.ClassBasedTestDescriptor.lambda$testInstancesProvider$6(ClassBasedTestDescriptor.java:278)
	at org.junit.jupiter.engine.execution.TestInstancesProvider.getTestInstances(TestInstancesProvider.java:31)
	at org.junit.jupiter.engine.descriptor.TestMethodTestDescriptor.lambda$prepare$1(TestMethodTestDescriptor.java:105)
	at org.junit.platform.engine.support.hierarchical.ThrowableCollector.execute(ThrowableCollector.java:73)
	at org.junit.jupiter.engine.descriptor.TestMethodTestDescriptor.prepare(TestMethodTestDescriptor.java:104)
	at org.junit.jupiter.engine.descriptor.TestMethodTestDescriptor.prepare(TestMethodTestDescriptor.java:68)
	at org.junit.platform.engine.support.hierarchical.NodeTestTask.lambda$prepare$2(NodeTestTask.java:128)
	at org.junit.platform.engine.support.hierarchical.ThrowableCollector.execute(ThrowableCollector.java:73)
	at org.junit.platform.engine.support.hierarchical.NodeTestTask.prepare(NodeTestTask.java:128)
	at org.junit.platform.engine.support.hierarchical.NodeTestTask.execute(NodeTestTask.java:95)
	at java.base/java.util.ArrayList.forEach(ArrayList.java:1596)
	at org.junit.platform.engine.support.hierarchical.SameThreadHierarchicalTestExecutorService.invokeAll(SameThreadHierarchicalTestExecutorService.java:41)
	at org.junit.platform.engine.support.hierarchical.NodeTestTask.lambda$executeRecursively$6(NodeTestTask.java:160)
	at org.junit.platform.engine.support.hierarchical.ThrowableCollector.execute(ThrowableCollector.java:73)
	at org.junit.platform.engine.support.hierarchical.NodeTestTask.lambda$executeRecursively$8(NodeTestTask.java:146)
	at org.junit.platform.engine.support.hierarchical.Node.around(Node.java:137)
	at org.junit.platform.engine.support.hierarchical.NodeTestTask.lambda$executeRecursively$9(NodeTestTask.java:144)
	at org.junit.platform.engine.support.hierarchical.ThrowableCollector.execute(ThrowableCollector.java:73)
	at org.junit.platform.engine.support.hierarchical.NodeTestTask.executeRecursively(NodeTestTask.java:143)
	at org.junit.platform.engine.support.hierarchical.NodeTestTask.execute(NodeTestTask.java:100)
	at java.base/java.util.ArrayList.forEach(ArrayList.java:1596)
	at org.junit.platform.engine.support.hierarchical.SameThreadHierarchicalTestExecutorService.invokeAll(SameThreadHierarchicalTestExecutorService.java:41)
	at org.junit.platform.engine.support.hierarchical.NodeTestTask.lambda$executeRecursively$6(NodeTestTask.java:160)
	at org.junit.platform.engine.support.hierarchical.ThrowableCollector.execute(ThrowableCollector.java:73)
	at org.junit.platform.engine.support.hierarchical.NodeTestTask.lambda$executeRecursively$8(NodeTestTask.java:146)
	at org.junit.platform.engine.support.hierarchical.Node.around(Node.java:137)
	at org.junit.platform.engine.support.hierarchical.NodeTestTask.lambda$executeRecursively$9(NodeTestTask.java:144)
	at org.junit.platform.engine.support.hierarchical.ThrowableCollector.execute(ThrowableCollector.java:73)
	at org.junit.platform.engine.support.hierarchical.NodeTestTask.executeRecursively(NodeTestTask.java:143)
	at org.junit.platform.engine.support.hierarchical.NodeTestTask.execute(NodeTestTask.java:100)
	at org.junit.platform.engine.support.hierarchical.SameThreadHierarchicalTestExecutorService.submit(SameThreadHierarchicalTestExecutorService.java:35)
	at org.junit.platform.engine.support.hierarchical.HierarchicalTestExecutor.execute(HierarchicalTestExecutor.java:57)
	at org.junit.platform.engine.support.hierarchical.HierarchicalTestEngine.execute(HierarchicalTestEngine.java:54)
	at org.junit.platform.launcher.core.EngineExecutionOrchestrator.execute(EngineExecutionOrchestrator.java:198)
	at org.junit.platform.launcher.core.EngineExecutionOrchestrator.execute(EngineExecutionOrchestrator.java:169)
	at org.junit.platform.launcher.core.EngineExecutionOrchestrator.execute(EngineExecutionOrchestrator.java:93)
	at org.junit.platform.launcher.core.EngineExecutionOrchestrator.lambda$execute$0(EngineExecutionOrchestrator.java:58)
	at org.junit.platform.launcher.core.EngineExecutionOrchestrator.withInterceptedStreams(EngineExecutionOrchestrator.java:141)
	at org.junit.platform.launcher.core.EngineExecutionOrchestrator.execute(EngineExecutionOrchestrator.java:57)
	at org.junit.platform.launcher.core.DefaultLauncher.execute(DefaultLauncher.java:103)
	at org.junit.platform.launcher.core.DefaultLauncher.execute(DefaultLauncher.java:85)
	at org.junit.platform.launcher.core.DelegatingLauncher.execute(DelegatingLauncher.java:47)
	at org.gradle.api.internal.tasks.testing.junitplatform.JUnitPlatformTestClassProcessor$CollectAllTestClassesExecutor.processAllTestClasses(JUnitPlatformTestClassProcessor.java:124)
	at org.gradle.api.internal.tasks.testing.junitplatform.JUnitPlatformTestClassProcessor$CollectAllTestClassesExecutor.access$000(JUnitPlatformTestClassProcessor.java:99)
	at org.gradle.api.internal.tasks.testing.junitplatform.JUnitPlatformTestClassProcessor.stop(JUnitPlatformTestClassProcessor.java:94)
	at org.gradle.api.internal.tasks.testing.SuiteTestClassProcessor.stop(SuiteTestClassProcessor.java:63)
	at java.base/jdk.internal.reflect.DirectMethodHandleAccessor.invoke(DirectMethodHandleAccessor.java:103)
	at java.base/java.lang.reflect.Method.invoke(Method.java:580)
	at org.gradle.internal.dispatch.ReflectionDispatch.dispatch(ReflectionDispatch.java:36)
	at org.gradle.internal.dispatch.ReflectionDispatch.dispatch(ReflectionDispatch.java:24)
	at org.gradle.internal.dispatch.ContextClassLoaderDispatch.dispatch(ContextClassLoaderDispatch.java:33)
	at org.gradle.internal.dispatch.ProxyDispatchAdapter$DispatchingInvocationHandler.invoke(ProxyDispatchAdapter.java:92)
	at jdk.proxy1/jdk.proxy1.$Proxy4.stop(Unknown Source)
	at org.gradle.api.internal.tasks.testing.worker.TestWorker$3.run(TestWorker.java:200)
	at org.gradle.api.internal.tasks.testing.worker.TestWorker.executeAndMaintainThreadName(TestWorker.java:132)
	at org.gradle.api.internal.tasks.testing.worker.TestWorker.execute(TestWorker.java:103)
	at org.gradle.api.internal.tasks.testing.worker.TestWorker.execute(TestWorker.java:63)
	at org.gradle.process.internal.worker.child.ActionExecutionWorker.execute(ActionExecutionWorker.java:56)
	at org.gradle.process.internal.worker.child.SystemApplicationClassLoaderWorker.call(SystemApplicationClassLoaderWorker.java:121)
	at org.gradle.process.internal.worker.child.SystemApplicationClassLoaderWorker.call(SystemApplicationClassLoaderWorker.java:71)
	at worker.org.gradle.process.internal.worker.GradleWorkerMain.run(GradleWorkerMain.java:69)
	at worker.org.gradle.process.internal.worker.GradleWorkerMain.main(GradleWorkerMain.java:74)
Caused by: org.springframework.beans.factory.UnsatisfiedDependencyException: Error creating bean with name 'orderController' defined in file [/Users/elkhanisayev/Documents/projects/g42/oms/ms-order/build/classes/java/main/com/oms/msorder/controller/OrderController.class]: Unsatisfied dependency expressed through constructor parameter 0: Error creating bean with name 'orderService' defined in file [/Users/elkhanisayev/Documents/projects/g42/oms/ms-order/build/classes/java/main/com/oms/msorder/service/OrderService.class]: Unsatisfied dependency expressed through constructor parameter 1: No qualifying bean of type 'com.oms.msorder.mapper.OrderMapper' available: expected at least 1 bean which qualifies as autowire candidate. Dependency annotations: {}
	at org.springframework.beans.factory.support.ConstructorResolver.createArgumentArray(ConstructorResolver.java:804)
	at org.springframework.beans.factory.support.ConstructorResolver.autowireConstructor(ConstructorResolver.java:240)
	at org.springframework.beans.factory.support.AbstractAutowireCapableBeanFactory.autowireConstructor(AbstractAutowireCapableBeanFactory.java:1377)
	at org.springframework.beans.factory.support.AbstractAutowireCapableBeanFactory.createBeanInstance(AbstractAutowireCapableBeanFactory.java:1214)
	at org.springframework.beans.factory.support.AbstractAutowireCapableBeanFactory.doCreateBean(AbstractAutowireCapableBeanFactory.java:563)
	at org.springframework.beans.factory.support.AbstractAutowireCapableBeanFactory.createBean(AbstractAutowireCapableBeanFactory.java:523)
	at org.springframework.beans.factory.support.AbstractBeanFactory.lambda$doGetBean$0(AbstractBeanFactory.java:336)
	at org.springframework.beans.factory.support.DefaultSingletonBeanRegistry.getSingleton(DefaultSingletonBeanRegistry.java:289)
	at org.springframework.beans.factory.support.AbstractBeanFactory.doGetBean(AbstractBeanFactory.java:334)
	at org.springframework.beans.factory.support.AbstractBeanFactory.getBean(AbstractBeanFactory.java:199)
	at org.springframework.beans.factory.support.DefaultListableBeanFactory.instantiateSingleton(DefaultListableBeanFactory.java:1122)
	at org.springframework.beans.factory.support.DefaultListableBeanFactory.preInstantiateSingleton(DefaultListableBeanFactory.java:1093)
	at org.springframework.beans.factory.support.DefaultListableBeanFactory.preInstantiateSingletons(DefaultListableBeanFactory.java:1030)
	at org.springframework.context.support.AbstractApplicationContext.finishBeanFactoryInitialization(AbstractApplicationContext.java:987)
	at org.springframework.context.support.AbstractApplicationContext.refresh(AbstractApplicationContext.java:627)
	at org.springframework.boot.SpringApplication.refresh(SpringApplication.java:752)
	at org.springframework.boot.SpringApplication.refreshContext(SpringApplication.java:439)
	at org.springframework.boot.SpringApplication.run(SpringApplication.java:318)
	at org.springframework.boot.test.context.SpringBootContextLoader.lambda$loadContext$3(SpringBootContextLoader.java:137)
	at org.springframework.util.function.ThrowingSupplier.get(ThrowingSupplier.java:58)
	at org.springframework.util.function.ThrowingSupplier.get(ThrowingSupplier.java:46)
	at org.springframework.boot.SpringApplication.withHook(SpringApplication.java:1461)
	at org.springframework.boot.test.context.SpringBootContextLoader$ContextLoaderHook.run(SpringBootContextLoader.java:553)
	at org.springframework.boot.test.context.SpringBootContextLoader.loadContext(SpringBootContextLoader.java:137)
	at org.springframework.boot.test.context.SpringBootContextLoader.loadContext(SpringBootContextLoader.java:108)
	at org.springframework.test.context.cache.DefaultCacheAwareContextLoaderDelegate.loadContextInternal(DefaultCacheAwareContextLoaderDelegate.java:225)
	at org.springframework.test.context.cache.DefaultCacheAwareContextLoaderDelegate.loadContext(DefaultCacheAwareContextLoaderDelegate.java:152)
	... 87 common frames omitted
Caused by: org.springframework.beans.factory.UnsatisfiedDependencyException: Error creating bean with name 'orderService' defined in file [/Users/elkhanisayev/Documents/projects/g42/oms/ms-order/build/classes/java/main/com/oms/msorder/service/OrderService.class]: Unsatisfied dependency expressed through constructor parameter 1: No qualifying bean of type 'com.oms.msorder.mapper.OrderMapper' available: expected at least 1 bean which qualifies as autowire candidate. Dependency annotations: {}
	at org.springframework.beans.factory.support.ConstructorResolver.createArgumentArray(ConstructorResolver.java:804)
	at org.springframework.beans.factory.support.ConstructorResolver.autowireConstructor(ConstructorResolver.java:240)
	at org.springframework.beans.factory.support.AbstractAutowireCapableBeanFactory.autowireConstructor(AbstractAutowireCapableBeanFactory.java:1377)
	at org.springframework.beans.factory.support.AbstractAutowireCapableBeanFactory.createBeanInstance(AbstractAutowireCapableBeanFactory.java:1214)
	at org.springframework.beans.factory.support.AbstractAutowireCapableBeanFactory.doCreateBean(AbstractAutowireCapableBeanFactory.java:563)
	at org.springframework.beans.factory.support.AbstractAutowireCapableBeanFactory.createBean(AbstractAutowireCapableBeanFactory.java:523)
	at org.springframework.beans.factory.support.AbstractBeanFactory.lambda$doGetBean$0(AbstractBeanFactory.java:336)
	at org.springframework.beans.factory.support.DefaultSingletonBeanRegistry.getSingleton(DefaultSingletonBeanRegistry.java:289)
	at org.springframework.beans.factory.support.AbstractBeanFactory.doGetBean(AbstractBeanFactory.java:334)
	at org.springframework.beans.factory.support.AbstractBeanFactory.getBean(AbstractBeanFactory.java:199)
	at org.springframework.beans.factory.support.DefaultListableBeanFactory.doResolveDependency(DefaultListableBeanFactory.java:1573)
	at org.springframework.beans.factory.support.DefaultListableBeanFactory.resolveDependency(DefaultListableBeanFactory.java:1519)
	at org.springframework.beans.factory.support.ConstructorResolver.resolveAutowiredArgument(ConstructorResolver.java:913)
	at org.springframework.beans.factory.support.ConstructorResolver.createArgumentArray(ConstructorResolver.java:791)
	... 113 common frames omitted
Caused by: org.springframework.beans.factory.NoSuchBeanDefinitionException: No qualifying bean of type 'com.oms.msorder.mapper.OrderMapper' available: expected at least 1 bean which qualifies as autowire candidate. Dependency annotations: {}
	at org.springframework.beans.factory.support.DefaultListableBeanFactory.raiseNoMatchingBeanFound(DefaultListableBeanFactory.java:2144)
	at org.springframework.beans.factory.support.DefaultListableBeanFactory.doResolveDependency(DefaultListableBeanFactory.java:1594)
	at org.springframework.beans.factory.support.DefaultListableBeanFactory.resolveDependency(DefaultListableBeanFactory.java:1519)
	at org.springframework.beans.factory.support.ConstructorResolver.resolveAutowiredArgument(ConstructorResolver.java:913)
	at org.springframework.beans.factory.support.ConstructorResolver.createArgumentArray(ConstructorResolver.java:791)
	... 126 common frames omitted
2025-01-15 06:04:14 - Starting MsOrderApplicationTests using Java 21.0.5 with PID 6131 (started by elkhanisayev in /Users/elkhanisayev/Documents/projects/g42/oms/ms-order)
2025-01-15 06:04:14 - The following 2 profiles are active: "logger", "db"
2025-01-15 06:04:15 - Bootstrapping Spring Data JPA repositories in DEFAULT mode.
2025-01-15 06:04:15 - Finished Spring Data repository scanning in 12 ms. Found 1 JPA repository interface.
2025-01-15 06:04:15 - HikariUserCP - Starting...
2025-01-15 06:04:15 - HikariUserCP - Added connection org.postgresql.jdbc.PgConnection@63262071
2025-01-15 06:04:15 - HikariUserCP - Start completed.
2025-01-15 06:04:15 - Set default schema name to public
2025-01-15 06:04:15 - Reading from public.msorderchangelog
2025-01-15 06:04:15 - Database is up to date, no changesets to execute
2025-01-15 06:04:15 - Reading from public.msorderchangelog
2025-01-15 06:04:15 - UPDATE SUMMARY
2025-01-15 06:04:15 - Run:                          0
2025-01-15 06:04:15 - Previously run:               2
2025-01-15 06:04:15 - Filtered out:                 0
2025-01-15 06:04:15 - -------------------------------
2025-01-15 06:04:15 - Total change sets:            2
2025-01-15 06:04:15 - Update summary generated
2025-01-15 06:04:15 - Command execution complete
2025-01-15 06:04:15 - HHH000204: Processing PersistenceUnitInfo [name: default]
2025-01-15 06:04:15 - HHH000412: Hibernate ORM core version 6.6.4.Final
2025-01-15 06:04:15 - HHH000026: Second-level cache disabled
2025-01-15 06:04:15 - No LoadTimeWeaver setup: ignoring JPA class transformer
2025-01-15 06:04:15 - HHH90000025: PostgreSQLDialect does not need to be specified explicitly using 'hibernate.dialect' (remove the property setting and it will be selected by default)
2025-01-15 06:04:15 - HHH10001005: Database info:
	Database JDBC URL [Connecting through datasource 'HikariDataSource (HikariUserCP)']
	Database driver: undefined/unknown
	Database version: 14.15
	Autocommit mode: undefined/unknown
	Isolation level: undefined/unknown
	Minimum pool size: undefined/unknown
	Maximum pool size: undefined/unknown
2025-01-15 06:04:16 - HHH000489: No JTA platform available (set 'hibernate.transaction.jta.platform' to enable JTA platform integration)
2025-01-15 06:04:16 - Initialized JPA EntityManagerFactory for persistence unit 'default'
2025-01-15 06:04:16 - Exception encountered during context initialization - cancelling refresh attempt: org.springframework.beans.factory.UnsatisfiedDependencyException: Error creating bean with name 'orderController' defined in file [/Users/elkhanisayev/Documents/projects/g42/oms/ms-order/build/classes/java/main/com/oms/msorder/controller/OrderController.class]: Unsatisfied dependency expressed through constructor parameter 0: Error creating bean with name 'orderService' defined in file [/Users/elkhanisayev/Documents/projects/g42/oms/ms-order/build/classes/java/main/com/oms/msorder/service/OrderService.class]: Unsatisfied dependency expressed through constructor parameter 1: No qualifying bean of type 'com.oms.msorder.mapper.OrderMapper' available: expected at least 1 bean which qualifies as autowire candidate. Dependency annotations: {}
2025-01-15 06:04:16 - Closing JPA EntityManagerFactory for persistence unit 'default'
2025-01-15 06:04:16 - HikariUserCP - Shutdown initiated...
2025-01-15 06:04:16 - HikariUserCP - Shutdown completed.
2025-01-15 06:04:16 - 

Error starting ApplicationContext. To display the condition evaluation report re-run your application with 'debug' enabled.
2025-01-15 06:04:16 - 

***************************
APPLICATION FAILED TO START
***************************

Description:

Parameter 1 of constructor in com.oms.msorder.service.OrderService required a bean of type 'com.oms.msorder.mapper.OrderMapper' that could not be found.


Action:

Consider defining a bean of type 'com.oms.msorder.mapper.OrderMapper' in your configuration.

2025-01-15 06:04:16 - Caught exception while allowing TestExecutionListener [org.springframework.test.context.web.ServletTestExecutionListener] to prepare test instance [com.oms.msorder.MsOrderApplicationTests@3a4e6da6]
java.lang.IllegalStateException: Failed to load ApplicationContext for [WebMergedContextConfiguration@5680f009 testClass = com.oms.msorder.MsOrderApplicationTests, locations = [], classes = [com.oms.msorder.MsOrderApplication], contextInitializerClasses = [], activeProfiles = [], propertySourceDescriptors = [], propertySourceProperties = ["org.springframework.boot.test.context.SpringBootTestContextBootstrapper=true"], contextCustomizers = [org.springframework.boot.test.autoconfigure.OnFailureConditionReportContextCustomizerFactory$OnFailureConditionReportContextCustomizer@2ceb80a1, org.springframework.boot.test.autoconfigure.actuate.observability.ObservabilityContextCustomizerFactory$DisableObservabilityContextCustomizer@1f, org.springframework.boot.test.autoconfigure.properties.PropertyMappingContextCustomizer@0, org.springframework.boot.test.autoconfigure.web.servlet.WebDriverContextCustomizer@4983159f, org.springframework.boot.test.context.filter.ExcludeFilterContextCustomizer@44040454, org.springframework.boot.test.json.DuplicateJsonObjectContextCustomizerFactory$DuplicateJsonObjectContextCustomizer@3724af13, org.springframework.boot.test.mock.mockito.MockitoContextCustomizer@0, org.springframework.boot.test.web.client.TestRestTemplateContextCustomizer@1253e7cb, org.springframework.boot.test.web.reactor.netty.DisableReactorResourceFactoryGlobalResourcesContextCustomizerFactory$DisableReactorResourceFactoryGlobalResourcesContextCustomizerCustomizer@61ce23ac, org.springframework.test.context.support.DynamicPropertiesContextCustomizer@0, org.springframework.boot.test.context.SpringBootTestAnnotation@e7d9160c], resourceBasePath = "src/main/webapp", contextLoader = org.springframework.boot.test.context.SpringBootContextLoader, parent = null]
	at org.springframework.test.context.cache.DefaultCacheAwareContextLoaderDelegate.loadContext(DefaultCacheAwareContextLoaderDelegate.java:180)
	at org.springframework.test.context.support.DefaultTestContext.getApplicationContext(DefaultTestContext.java:130)
	at org.springframework.test.context.web.ServletTestExecutionListener.setUpRequestContextIfNecessary(ServletTestExecutionListener.java:191)
	at org.springframework.test.context.web.ServletTestExecutionListener.prepareTestInstance(ServletTestExecutionListener.java:130)
	at org.springframework.test.context.TestContextManager.prepareTestInstance(TestContextManager.java:260)
	at org.springframework.test.context.junit.jupiter.SpringExtension.postProcessTestInstance(SpringExtension.java:160)
	at org.junit.jupiter.engine.descriptor.ClassBasedTestDescriptor.lambda$invokeTestInstancePostProcessors$11(ClassBasedTestDescriptor.java:378)
	at org.junit.jupiter.engine.descriptor.ClassBasedTestDescriptor.executeAndMaskThrowable(ClassBasedTestDescriptor.java:383)
	at org.junit.jupiter.engine.descriptor.ClassBasedTestDescriptor.lambda$invokeTestInstancePostProcessors$12(ClassBasedTestDescriptor.java:378)
	at java.base/java.util.stream.ForEachOps$ForEachOp$OfRef.accept(ForEachOps.java:184)
	at java.base/java.util.stream.ReferencePipeline$3$1.accept(ReferencePipeline.java:197)
	at java.base/java.util.stream.ReferencePipeline$2$1.accept(ReferencePipeline.java:179)
	at java.base/java.util.stream.ReferencePipeline$3$1.accept(ReferencePipeline.java:197)
	at java.base/java.util.ArrayList$ArrayListSpliterator.forEachRemaining(ArrayList.java:1708)
	at java.base/java.util.stream.AbstractPipeline.copyInto(AbstractPipeline.java:509)
	at java.base/java.util.stream.AbstractPipeline.wrapAndCopyInto(AbstractPipeline.java:499)
	at java.base/java.util.stream.ForEachOps$ForEachOp.evaluateSequential(ForEachOps.java:151)
	at java.base/java.util.stream.ForEachOps$ForEachOp$OfRef.evaluateSequential(ForEachOps.java:174)
	at java.base/java.util.stream.AbstractPipeline.evaluate(AbstractPipeline.java:234)
	at java.base/java.util.stream.ReferencePipeline.forEach(ReferencePipeline.java:596)
	at org.junit.jupiter.engine.descriptor.ClassBasedTestDescriptor.invokeTestInstancePostProcessors(ClassBasedTestDescriptor.java:377)
	at org.junit.jupiter.engine.descriptor.ClassBasedTestDescriptor.lambda$instantiateAndPostProcessTestInstance$7(ClassBasedTestDescriptor.java:290)
	at org.junit.platform.engine.support.hierarchical.ThrowableCollector.execute(ThrowableCollector.java:73)
	at org.junit.jupiter.engine.descriptor.ClassBasedTestDescriptor.instantiateAndPostProcessTestInstance(ClassBasedTestDescriptor.java:289)
	at org.junit.jupiter.engine.descriptor.ClassBasedTestDescriptor.lambda$testInstancesProvider$5(ClassBasedTestDescriptor.java:279)
	at java.base/java.util.Optional.orElseGet(Optional.java:364)
	at org.junit.jupiter.engine.descriptor.ClassBasedTestDescriptor.lambda$testInstancesProvider$6(ClassBasedTestDescriptor.java:278)
	at org.junit.jupiter.engine.execution.TestInstancesProvider.getTestInstances(TestInstancesProvider.java:31)
	at org.junit.jupiter.engine.descriptor.TestMethodTestDescriptor.lambda$prepare$1(TestMethodTestDescriptor.java:105)
	at org.junit.platform.engine.support.hierarchical.ThrowableCollector.execute(ThrowableCollector.java:73)
	at org.junit.jupiter.engine.descriptor.TestMethodTestDescriptor.prepare(TestMethodTestDescriptor.java:104)
	at org.junit.jupiter.engine.descriptor.TestMethodTestDescriptor.prepare(TestMethodTestDescriptor.java:68)
	at org.junit.platform.engine.support.hierarchical.NodeTestTask.lambda$prepare$2(NodeTestTask.java:128)
	at org.junit.platform.engine.support.hierarchical.ThrowableCollector.execute(ThrowableCollector.java:73)
	at org.junit.platform.engine.support.hierarchical.NodeTestTask.prepare(NodeTestTask.java:128)
	at org.junit.platform.engine.support.hierarchical.NodeTestTask.execute(NodeTestTask.java:95)
	at java.base/java.util.ArrayList.forEach(ArrayList.java:1596)
	at org.junit.platform.engine.support.hierarchical.SameThreadHierarchicalTestExecutorService.invokeAll(SameThreadHierarchicalTestExecutorService.java:41)
	at org.junit.platform.engine.support.hierarchical.NodeTestTask.lambda$executeRecursively$6(NodeTestTask.java:160)
	at org.junit.platform.engine.support.hierarchical.ThrowableCollector.execute(ThrowableCollector.java:73)
	at org.junit.platform.engine.support.hierarchical.NodeTestTask.lambda$executeRecursively$8(NodeTestTask.java:146)
	at org.junit.platform.engine.support.hierarchical.Node.around(Node.java:137)
	at org.junit.platform.engine.support.hierarchical.NodeTestTask.lambda$executeRecursively$9(NodeTestTask.java:144)
	at org.junit.platform.engine.support.hierarchical.ThrowableCollector.execute(ThrowableCollector.java:73)
	at org.junit.platform.engine.support.hierarchical.NodeTestTask.executeRecursively(NodeTestTask.java:143)
	at org.junit.platform.engine.support.hierarchical.NodeTestTask.execute(NodeTestTask.java:100)
	at java.base/java.util.ArrayList.forEach(ArrayList.java:1596)
	at org.junit.platform.engine.support.hierarchical.SameThreadHierarchicalTestExecutorService.invokeAll(SameThreadHierarchicalTestExecutorService.java:41)
	at org.junit.platform.engine.support.hierarchical.NodeTestTask.lambda$executeRecursively$6(NodeTestTask.java:160)
	at org.junit.platform.engine.support.hierarchical.ThrowableCollector.execute(ThrowableCollector.java:73)
	at org.junit.platform.engine.support.hierarchical.NodeTestTask.lambda$executeRecursively$8(NodeTestTask.java:146)
	at org.junit.platform.engine.support.hierarchical.Node.around(Node.java:137)
	at org.junit.platform.engine.support.hierarchical.NodeTestTask.lambda$executeRecursively$9(NodeTestTask.java:144)
	at org.junit.platform.engine.support.hierarchical.ThrowableCollector.execute(ThrowableCollector.java:73)
	at org.junit.platform.engine.support.hierarchical.NodeTestTask.executeRecursively(NodeTestTask.java:143)
	at org.junit.platform.engine.support.hierarchical.NodeTestTask.execute(NodeTestTask.java:100)
	at org.junit.platform.engine.support.hierarchical.SameThreadHierarchicalTestExecutorService.submit(SameThreadHierarchicalTestExecutorService.java:35)
	at org.junit.platform.engine.support.hierarchical.HierarchicalTestExecutor.execute(HierarchicalTestExecutor.java:57)
	at org.junit.platform.engine.support.hierarchical.HierarchicalTestEngine.execute(HierarchicalTestEngine.java:54)
	at org.junit.platform.launcher.core.EngineExecutionOrchestrator.execute(EngineExecutionOrchestrator.java:198)
	at org.junit.platform.launcher.core.EngineExecutionOrchestrator.execute(EngineExecutionOrchestrator.java:169)
	at org.junit.platform.launcher.core.EngineExecutionOrchestrator.execute(EngineExecutionOrchestrator.java:93)
	at org.junit.platform.launcher.core.EngineExecutionOrchestrator.lambda$execute$0(EngineExecutionOrchestrator.java:58)
	at org.junit.platform.launcher.core.EngineExecutionOrchestrator.withInterceptedStreams(EngineExecutionOrchestrator.java:141)
	at org.junit.platform.launcher.core.EngineExecutionOrchestrator.execute(EngineExecutionOrchestrator.java:57)
	at org.junit.platform.launcher.core.DefaultLauncher.execute(DefaultLauncher.java:103)
	at org.junit.platform.launcher.core.DefaultLauncher.execute(DefaultLauncher.java:85)
	at org.junit.platform.launcher.core.DelegatingLauncher.execute(DelegatingLauncher.java:47)
	at org.gradle.api.internal.tasks.testing.junitplatform.JUnitPlatformTestClassProcessor$CollectAllTestClassesExecutor.processAllTestClasses(JUnitPlatformTestClassProcessor.java:124)
	at org.gradle.api.internal.tasks.testing.junitplatform.JUnitPlatformTestClassProcessor$CollectAllTestClassesExecutor.access$000(JUnitPlatformTestClassProcessor.java:99)
	at org.gradle.api.internal.tasks.testing.junitplatform.JUnitPlatformTestClassProcessor.stop(JUnitPlatformTestClassProcessor.java:94)
	at org.gradle.api.internal.tasks.testing.SuiteTestClassProcessor.stop(SuiteTestClassProcessor.java:63)
	at java.base/jdk.internal.reflect.DirectMethodHandleAccessor.invoke(DirectMethodHandleAccessor.java:103)
	at java.base/java.lang.reflect.Method.invoke(Method.java:580)
	at org.gradle.internal.dispatch.ReflectionDispatch.dispatch(ReflectionDispatch.java:36)
	at org.gradle.internal.dispatch.ReflectionDispatch.dispatch(ReflectionDispatch.java:24)
	at org.gradle.internal.dispatch.ContextClassLoaderDispatch.dispatch(ContextClassLoaderDispatch.java:33)
	at org.gradle.internal.dispatch.ProxyDispatchAdapter$DispatchingInvocationHandler.invoke(ProxyDispatchAdapter.java:92)
	at jdk.proxy1/jdk.proxy1.$Proxy4.stop(Unknown Source)
	at org.gradle.api.internal.tasks.testing.worker.TestWorker$3.run(TestWorker.java:200)
	at org.gradle.api.internal.tasks.testing.worker.TestWorker.executeAndMaintainThreadName(TestWorker.java:132)
	at org.gradle.api.internal.tasks.testing.worker.TestWorker.execute(TestWorker.java:103)
	at org.gradle.api.internal.tasks.testing.worker.TestWorker.execute(TestWorker.java:63)
	at org.gradle.process.internal.worker.child.ActionExecutionWorker.execute(ActionExecutionWorker.java:56)
	at org.gradle.process.internal.worker.child.SystemApplicationClassLoaderWorker.call(SystemApplicationClassLoaderWorker.java:121)
	at org.gradle.process.internal.worker.child.SystemApplicationClassLoaderWorker.call(SystemApplicationClassLoaderWorker.java:71)
	at worker.org.gradle.process.internal.worker.GradleWorkerMain.run(GradleWorkerMain.java:69)
	at worker.org.gradle.process.internal.worker.GradleWorkerMain.main(GradleWorkerMain.java:74)
Caused by: org.springframework.beans.factory.UnsatisfiedDependencyException: Error creating bean with name 'orderController' defined in file [/Users/elkhanisayev/Documents/projects/g42/oms/ms-order/build/classes/java/main/com/oms/msorder/controller/OrderController.class]: Unsatisfied dependency expressed through constructor parameter 0: Error creating bean with name 'orderService' defined in file [/Users/elkhanisayev/Documents/projects/g42/oms/ms-order/build/classes/java/main/com/oms/msorder/service/OrderService.class]: Unsatisfied dependency expressed through constructor parameter 1: No qualifying bean of type 'com.oms.msorder.mapper.OrderMapper' available: expected at least 1 bean which qualifies as autowire candidate. Dependency annotations: {}
	at org.springframework.beans.factory.support.ConstructorResolver.createArgumentArray(ConstructorResolver.java:804)
	at org.springframework.beans.factory.support.ConstructorResolver.autowireConstructor(ConstructorResolver.java:240)
	at org.springframework.beans.factory.support.AbstractAutowireCapableBeanFactory.autowireConstructor(AbstractAutowireCapableBeanFactory.java:1377)
	at org.springframework.beans.factory.support.AbstractAutowireCapableBeanFactory.createBeanInstance(AbstractAutowireCapableBeanFactory.java:1214)
	at org.springframework.beans.factory.support.AbstractAutowireCapableBeanFactory.doCreateBean(AbstractAutowireCapableBeanFactory.java:563)
	at org.springframework.beans.factory.support.AbstractAutowireCapableBeanFactory.createBean(AbstractAutowireCapableBeanFactory.java:523)
	at org.springframework.beans.factory.support.AbstractBeanFactory.lambda$doGetBean$0(AbstractBeanFactory.java:336)
	at org.springframework.beans.factory.support.DefaultSingletonBeanRegistry.getSingleton(DefaultSingletonBeanRegistry.java:289)
	at org.springframework.beans.factory.support.AbstractBeanFactory.doGetBean(AbstractBeanFactory.java:334)
	at org.springframework.beans.factory.support.AbstractBeanFactory.getBean(AbstractBeanFactory.java:199)
	at org.springframework.beans.factory.support.DefaultListableBeanFactory.instantiateSingleton(DefaultListableBeanFactory.java:1122)
	at org.springframework.beans.factory.support.DefaultListableBeanFactory.preInstantiateSingleton(DefaultListableBeanFactory.java:1093)
	at org.springframework.beans.factory.support.DefaultListableBeanFactory.preInstantiateSingletons(DefaultListableBeanFactory.java:1030)
	at org.springframework.context.support.AbstractApplicationContext.finishBeanFactoryInitialization(AbstractApplicationContext.java:987)
	at org.springframework.context.support.AbstractApplicationContext.refresh(AbstractApplicationContext.java:627)
	at org.springframework.boot.SpringApplication.refresh(SpringApplication.java:752)
	at org.springframework.boot.SpringApplication.refreshContext(SpringApplication.java:439)
	at org.springframework.boot.SpringApplication.run(SpringApplication.java:318)
	at org.springframework.boot.test.context.SpringBootContextLoader.lambda$loadContext$3(SpringBootContextLoader.java:137)
	at org.springframework.util.function.ThrowingSupplier.get(ThrowingSupplier.java:58)
	at org.springframework.util.function.ThrowingSupplier.get(ThrowingSupplier.java:46)
	at org.springframework.boot.SpringApplication.withHook(SpringApplication.java:1461)
	at org.springframework.boot.test.context.SpringBootContextLoader$ContextLoaderHook.run(SpringBootContextLoader.java:553)
	at org.springframework.boot.test.context.SpringBootContextLoader.loadContext(SpringBootContextLoader.java:137)
	at org.springframework.boot.test.context.SpringBootContextLoader.loadContext(SpringBootContextLoader.java:108)
	at org.springframework.test.context.cache.DefaultCacheAwareContextLoaderDelegate.loadContextInternal(DefaultCacheAwareContextLoaderDelegate.java:225)
	at org.springframework.test.context.cache.DefaultCacheAwareContextLoaderDelegate.loadContext(DefaultCacheAwareContextLoaderDelegate.java:152)
	... 87 common frames omitted
Caused by: org.springframework.beans.factory.UnsatisfiedDependencyException: Error creating bean with name 'orderService' defined in file [/Users/elkhanisayev/Documents/projects/g42/oms/ms-order/build/classes/java/main/com/oms/msorder/service/OrderService.class]: Unsatisfied dependency expressed through constructor parameter 1: No qualifying bean of type 'com.oms.msorder.mapper.OrderMapper' available: expected at least 1 bean which qualifies as autowire candidate. Dependency annotations: {}
	at org.springframework.beans.factory.support.ConstructorResolver.createArgumentArray(ConstructorResolver.java:804)
	at org.springframework.beans.factory.support.ConstructorResolver.autowireConstructor(ConstructorResolver.java:240)
	at org.springframework.beans.factory.support.AbstractAutowireCapableBeanFactory.autowireConstructor(AbstractAutowireCapableBeanFactory.java:1377)
	at org.springframework.beans.factory.support.AbstractAutowireCapableBeanFactory.createBeanInstance(AbstractAutowireCapableBeanFactory.java:1214)
	at org.springframework.beans.factory.support.AbstractAutowireCapableBeanFactory.doCreateBean(AbstractAutowireCapableBeanFactory.java:563)
	at org.springframework.beans.factory.support.AbstractAutowireCapableBeanFactory.createBean(AbstractAutowireCapableBeanFactory.java:523)
	at org.springframework.beans.factory.support.AbstractBeanFactory.lambda$doGetBean$0(AbstractBeanFactory.java:336)
	at org.springframework.beans.factory.support.DefaultSingletonBeanRegistry.getSingleton(DefaultSingletonBeanRegistry.java:289)
	at org.springframework.beans.factory.support.AbstractBeanFactory.doGetBean(AbstractBeanFactory.java:334)
	at org.springframework.beans.factory.support.AbstractBeanFactory.getBean(AbstractBeanFactory.java:199)
	at org.springframework.beans.factory.support.DefaultListableBeanFactory.doResolveDependency(DefaultListableBeanFactory.java:1573)
	at org.springframework.beans.factory.support.DefaultListableBeanFactory.resolveDependency(DefaultListableBeanFactory.java:1519)
	at org.springframework.beans.factory.support.ConstructorResolver.resolveAutowiredArgument(ConstructorResolver.java:913)
	at org.springframework.beans.factory.support.ConstructorResolver.createArgumentArray(ConstructorResolver.java:791)
	... 113 common frames omitted
Caused by: org.springframework.beans.factory.NoSuchBeanDefinitionException: No qualifying bean of type 'com.oms.msorder.mapper.OrderMapper' available: expected at least 1 bean which qualifies as autowire candidate. Dependency annotations: {}
	at org.springframework.beans.factory.support.DefaultListableBeanFactory.raiseNoMatchingBeanFound(DefaultListableBeanFactory.java:2144)
	at org.springframework.beans.factory.support.DefaultListableBeanFactory.doResolveDependency(DefaultListableBeanFactory.java:1594)
	at org.springframework.beans.factory.support.DefaultListableBeanFactory.resolveDependency(DefaultListableBeanFactory.java:1519)
	at org.springframework.beans.factory.support.ConstructorResolver.resolveAutowiredArgument(ConstructorResolver.java:913)
	at org.springframework.beans.factory.support.ConstructorResolver.createArgumentArray(ConstructorResolver.java:791)
	... 126 common frames omitted
2025-01-15 06:10:05 - Starting MsOrderApplicationTests using Java 21.0.5 with PID 6265 (started by elkhanisayev in /Users/elkhanisayev/Documents/projects/g42/oms/ms-order)
2025-01-15 06:10:05 - The following 2 profiles are active: "logger", "db"
2025-01-15 06:10:05 - Bootstrapping Spring Data JPA repositories in DEFAULT mode.
2025-01-15 06:10:05 - Finished Spring Data repository scanning in 13 ms. Found 1 JPA repository interface.
2025-01-15 06:10:05 - HikariUserCP - Starting...
2025-01-15 06:10:05 - HikariUserCP - Added connection org.postgresql.jdbc.PgConnection@41938e1e
2025-01-15 06:10:05 - HikariUserCP - Start completed.
2025-01-15 06:10:05 - Set default schema name to public
2025-01-15 06:10:05 - Reading from public.msorderchangelog
2025-01-15 06:10:05 - Database is up to date, no changesets to execute
2025-01-15 06:10:05 - Reading from public.msorderchangelog
2025-01-15 06:10:05 - UPDATE SUMMARY
2025-01-15 06:10:05 - Run:                          0
2025-01-15 06:10:05 - Previously run:               2
2025-01-15 06:10:05 - Filtered out:                 0
2025-01-15 06:10:05 - -------------------------------
2025-01-15 06:10:05 - Total change sets:            2
2025-01-15 06:10:05 - Update summary generated
2025-01-15 06:10:05 - Command execution complete
2025-01-15 06:10:05 - HHH000204: Processing PersistenceUnitInfo [name: default]
2025-01-15 06:10:05 - HHH000412: Hibernate ORM core version 6.6.4.Final
2025-01-15 06:10:05 - HHH000026: Second-level cache disabled
2025-01-15 06:10:05 - No LoadTimeWeaver setup: ignoring JPA class transformer
2025-01-15 06:10:05 - HHH90000025: PostgreSQLDialect does not need to be specified explicitly using 'hibernate.dialect' (remove the property setting and it will be selected by default)
2025-01-15 06:10:05 - HHH10001005: Database info:
	Database JDBC URL [Connecting through datasource 'HikariDataSource (HikariUserCP)']
	Database driver: undefined/unknown
	Database version: 14.15
	Autocommit mode: undefined/unknown
	Isolation level: undefined/unknown
	Minimum pool size: undefined/unknown
	Maximum pool size: undefined/unknown
2025-01-15 06:10:06 - HHH000489: No JTA platform available (set 'hibernate.transaction.jta.platform' to enable JTA platform integration)
2025-01-15 06:10:06 - Initialized JPA EntityManagerFactory for persistence unit 'default'
2025-01-15 06:10:06 - spring.jpa.open-in-view is enabled by default. Therefore, database queries may be performed during view rendering. Explicitly configure spring.jpa.open-in-view to disable this warning
2025-01-15 06:10:06 - Exposing 1 endpoint beneath base path '/actuator'
2025-01-15 06:10:06 - Started MsOrderApplicationTests in 1.638 seconds (process running for 1.97)
2025-01-15 06:10:06 - Closing JPA EntityManagerFactory for persistence unit 'default'
2025-01-15 06:10:06 - HikariUserCP - Shutdown initiated...
2025-01-15 06:10:06 - HikariUserCP - Shutdown completed.
2025-01-15 06:10:15 - Starting MsOrderApplication using Java 21.0.5 with PID 6275 (/Users/elkhanisayev/Documents/projects/g42/oms/ms-order/build/classes/java/main started by elkhanisayev in /Users/elkhanisayev/Documents/projects/g42/oms/ms-order)
2025-01-15 06:10:15 - The following 2 profiles are active: "logger", "db"
2025-01-15 06:10:15 - Bootstrapping Spring Data JPA repositories in DEFAULT mode.
2025-01-15 06:10:15 - Finished Spring Data repository scanning in 11 ms. Found 1 JPA repository interface.
2025-01-15 06:10:15 - Tomcat initialized with port 8080 (http)
2025-01-15 06:10:15 - Starting service [Tomcat]
2025-01-15 06:10:15 - Starting Servlet engine: [Apache Tomcat/10.1.34]
2025-01-15 06:10:15 - Initializing Spring embedded WebApplicationContext
2025-01-15 06:10:15 - Root WebApplicationContext: initialization completed in 452 ms
2025-01-15 06:10:15 - HikariUserCP - Starting...
2025-01-15 06:10:15 - HikariUserCP - Added connection org.postgresql.jdbc.PgConnection@68b3248a
2025-01-15 06:10:15 - HikariUserCP - Start completed.
2025-01-15 06:10:15 - Set default schema name to public
2025-01-15 06:10:16 - Reading from public.msorderchangelog
2025-01-15 06:10:16 - Database is up to date, no changesets to execute
2025-01-15 06:10:16 - Reading from public.msorderchangelog
2025-01-15 06:10:16 - UPDATE SUMMARY
2025-01-15 06:10:16 - Run:                          0
2025-01-15 06:10:16 - Previously run:               2
2025-01-15 06:10:16 - Filtered out:                 0
2025-01-15 06:10:16 - -------------------------------
2025-01-15 06:10:16 - Total change sets:            2
2025-01-15 06:10:16 - Update summary generated
2025-01-15 06:10:16 - Command execution complete
2025-01-15 06:10:16 - HHH000204: Processing PersistenceUnitInfo [name: default]
2025-01-15 06:10:16 - HHH000412: Hibernate ORM core version 6.6.4.Final
2025-01-15 06:10:16 - HHH000026: Second-level cache disabled
2025-01-15 06:10:16 - No LoadTimeWeaver setup: ignoring JPA class transformer
2025-01-15 06:10:16 - HHH90000025: PostgreSQLDialect does not need to be specified explicitly using 'hibernate.dialect' (remove the property setting and it will be selected by default)
2025-01-15 06:10:16 - HHH10001005: Database info:
	Database JDBC URL [Connecting through datasource 'HikariDataSource (HikariUserCP)']
	Database driver: undefined/unknown
	Database version: 14.15
	Autocommit mode: undefined/unknown
	Isolation level: undefined/unknown
	Minimum pool size: undefined/unknown
	Maximum pool size: undefined/unknown
2025-01-15 06:10:16 - HHH000489: No JTA platform available (set 'hibernate.transaction.jta.platform' to enable JTA platform integration)
2025-01-15 06:10:16 - Initialized JPA EntityManagerFactory for persistence unit 'default'
2025-01-15 06:10:16 - spring.jpa.open-in-view is enabled by default. Therefore, database queries may be performed during view rendering. Explicitly configure spring.jpa.open-in-view to disable this warning
2025-01-15 06:10:16 - Exposing 1 endpoint beneath base path '/actuator'
2025-01-15 06:10:16 - Tomcat started on port 8080 (http) with context path '/'
2025-01-15 06:10:16 - Started MsOrderApplication in 1.643 seconds (process running for 1.815)
2025-01-15 06:10:17 - Initializing Spring DispatcherServlet 'dispatcherServlet'
2025-01-15 06:10:17 - Initializing Servlet 'dispatcherServlet'
2025-01-15 06:10:17 - Completed initialization in 1 ms
2025-01-15 06:10:28 - Commencing graceful shutdown. Waiting for active requests to complete
2025-01-15 06:10:28 - Graceful shutdown complete
2025-01-15 06:10:28 - Closing JPA EntityManagerFactory for persistence unit 'default'
2025-01-15 06:10:28 - HikariUserCP - Shutdown initiated...
2025-01-15 06:10:28 - HikariUserCP - Shutdown completed.
2025-01-15 06:39:39 - Starting MsOrderApplication using Java 21.0.5 with PID 7087 (/Users/elkhanisayev/Documents/projects/g42/oms/ms-order/build/classes/java/main started by elkhanisayev in /Users/elkhanisayev/Documents/projects/g42/oms/ms-order)
2025-01-15 06:39:39 - The following 2 profiles are active: "logger", "db"
2025-01-15 06:39:40 - Bootstrapping Spring Data JPA repositories in DEFAULT mode.
2025-01-15 06:39:40 - Finished Spring Data repository scanning in 16 ms. Found 1 JPA repository interface.
2025-01-15 06:39:40 - Tomcat initialized with port 8080 (http)
2025-01-15 06:39:40 - Starting service [Tomcat]
2025-01-15 06:39:40 - Starting Servlet engine: [Apache Tomcat/10.1.34]
2025-01-15 06:39:40 - Initializing Spring embedded WebApplicationContext
2025-01-15 06:39:40 - Root WebApplicationContext: initialization completed in 606 ms
2025-01-15 06:39:40 - HikariUserCP - Starting...
2025-01-15 06:39:40 - HikariUserCP - Added connection org.postgresql.jdbc.PgConnection@59f76e56
2025-01-15 06:39:40 - HikariUserCP - Start completed.
2025-01-15 06:39:40 - Set default schema name to public
2025-01-15 06:39:40 - Reading from public.msorderchangelog
2025-01-15 06:39:40 - Database is up to date, no changesets to execute
2025-01-15 06:39:40 - Reading from public.msorderchangelog
2025-01-15 06:39:40 - UPDATE SUMMARY
2025-01-15 06:39:40 - Run:                          0
2025-01-15 06:39:40 - Previously run:               2
2025-01-15 06:39:40 - Filtered out:                 0
2025-01-15 06:39:40 - -------------------------------
2025-01-15 06:39:40 - Total change sets:            2
2025-01-15 06:39:40 - Update summary generated
2025-01-15 06:39:40 - Command execution complete
2025-01-15 06:39:41 - HHH000204: Processing PersistenceUnitInfo [name: default]
2025-01-15 06:39:41 - HHH000412: Hibernate ORM core version 6.6.4.Final
2025-01-15 06:39:41 - HHH000026: Second-level cache disabled
2025-01-15 06:39:41 - No LoadTimeWeaver setup: ignoring JPA class transformer
2025-01-15 06:39:41 - HHH90000025: PostgreSQLDialect does not need to be specified explicitly using 'hibernate.dialect' (remove the property setting and it will be selected by default)
2025-01-15 06:39:41 - HHH10001005: Database info:
	Database JDBC URL [Connecting through datasource 'HikariDataSource (HikariUserCP)']
	Database driver: undefined/unknown
	Database version: 14.15
	Autocommit mode: undefined/unknown
	Isolation level: undefined/unknown
	Minimum pool size: undefined/unknown
	Maximum pool size: undefined/unknown
2025-01-15 06:39:41 - HHH000489: No JTA platform available (set 'hibernate.transaction.jta.platform' to enable JTA platform integration)
2025-01-15 06:39:41 - Initialized JPA EntityManagerFactory for persistence unit 'default'
2025-01-15 06:39:41 - spring.jpa.open-in-view is enabled by default. Therefore, database queries may be performed during view rendering. Explicitly configure spring.jpa.open-in-view to disable this warning
2025-01-15 06:39:41 - Exposing 1 endpoint beneath base path '/actuator'
2025-01-15 06:39:41 - Tomcat started on port 8080 (http) with context path '/'
2025-01-15 06:39:41 - Started MsOrderApplication in 2.143 seconds (process running for 2.584)
2025-01-15 06:39:42 - Initializing Spring DispatcherServlet 'dispatcherServlet'
2025-01-15 06:39:42 - Initializing Servlet 'dispatcherServlet'
2025-01-15 06:39:42 - Completed initialization in 1 ms
2025-01-15 06:40:33 - handleNotFoundException exception: service.getAll page = 1 and size = 10
2025-01-15 06:50:54 - Commencing graceful shutdown. Waiting for active requests to complete
2025-01-15 06:50:54 - Graceful shutdown complete
2025-01-15 06:50:54 - Closing JPA EntityManagerFactory for persistence unit 'default'
2025-01-15 06:50:54 - HikariUserCP - Shutdown initiated...
2025-01-15 06:50:54 - HikariUserCP - Shutdown completed.
2025-01-15 06:56:46 - Starting MsOrderApplication using Java 21.0.5 with PID 7551 (/Users/elkhanisayev/Documents/projects/g42/oms/ms-order/build/classes/java/main started by elkhanisayev in /Users/elkhanisayev/Documents/projects/g42/oms/ms-order)
2025-01-15 06:56:46 - The following 2 profiles are active: "logger", "db"
2025-01-15 06:56:46 - Bootstrapping Spring Data JPA repositories in DEFAULT mode.
2025-01-15 06:56:46 - Finished Spring Data repository scanning in 12 ms. Found 1 JPA repository interface.
2025-01-15 06:56:47 - Tomcat initialized with port 8080 (http)
2025-01-15 06:56:47 - Starting service [Tomcat]
2025-01-15 06:56:47 - Starting Servlet engine: [Apache Tomcat/10.1.34]
2025-01-15 06:56:47 - Initializing Spring embedded WebApplicationContext
2025-01-15 06:56:47 - Root WebApplicationContext: initialization completed in 506 ms
2025-01-15 06:56:47 - HikariUserCP - Starting...
2025-01-15 06:56:47 - HikariUserCP - Added connection org.postgresql.jdbc.PgConnection@6249a08d
2025-01-15 06:56:47 - HikariUserCP - Start completed.
2025-01-15 06:56:47 - Set default schema name to public
2025-01-15 06:56:47 - Reading from public.msorderchangelog
2025-01-15 06:56:47 - Database is up to date, no changesets to execute
2025-01-15 06:56:47 - Reading from public.msorderchangelog
2025-01-15 06:56:47 - UPDATE SUMMARY
2025-01-15 06:56:47 - Run:                          0
2025-01-15 06:56:47 - Previously run:               2
2025-01-15 06:56:47 - Filtered out:                 0
2025-01-15 06:56:47 - -------------------------------
2025-01-15 06:56:47 - Total change sets:            2
2025-01-15 06:56:47 - Update summary generated
2025-01-15 06:56:47 - Command execution complete
2025-01-15 06:56:47 - HHH000204: Processing PersistenceUnitInfo [name: default]
2025-01-15 06:56:47 - HHH000412: Hibernate ORM core version 6.6.4.Final
2025-01-15 06:56:47 - HHH000026: Second-level cache disabled
2025-01-15 06:56:47 - No LoadTimeWeaver setup: ignoring JPA class transformer
2025-01-15 06:56:47 - HHH90000025: PostgreSQLDialect does not need to be specified explicitly using 'hibernate.dialect' (remove the property setting and it will be selected by default)
2025-01-15 06:56:47 - HHH10001005: Database info:
	Database JDBC URL [Connecting through datasource 'HikariDataSource (HikariUserCP)']
	Database driver: undefined/unknown
	Database version: 14.15
	Autocommit mode: undefined/unknown
	Isolation level: undefined/unknown
	Minimum pool size: undefined/unknown
	Maximum pool size: undefined/unknown
2025-01-15 06:56:47 - HHH000489: No JTA platform available (set 'hibernate.transaction.jta.platform' to enable JTA platform integration)
2025-01-15 06:56:47 - Initialized JPA EntityManagerFactory for persistence unit 'default'
2025-01-15 06:56:48 - spring.jpa.open-in-view is enabled by default. Therefore, database queries may be performed during view rendering. Explicitly configure spring.jpa.open-in-view to disable this warning
2025-01-15 06:56:48 - Exposing 1 endpoint beneath base path '/actuator'
2025-01-15 06:56:48 - Tomcat started on port 8080 (http) with context path '/'
2025-01-15 06:56:48 - Started MsOrderApplication in 1.797 seconds (process running for 1.978)
2025-01-15 06:56:48 - Initializing Spring DispatcherServlet 'dispatcherServlet'
2025-01-15 06:56:48 - Initializing Servlet 'dispatcherServlet'
2025-01-15 06:56:48 - Completed initialization in 0 ms
2025-01-15 06:56:53 - Commencing graceful shutdown. Waiting for active requests to complete
2025-01-15 06:56:53 - Graceful shutdown complete
2025-01-15 06:56:53 - Closing JPA EntityManagerFactory for persistence unit 'default'
2025-01-15 06:56:53 - HikariUserCP - Shutdown initiated...
2025-01-15 06:56:53 - HikariUserCP - Shutdown completed.
2025-01-15 06:57:08 - Starting MsOrderApplication using Java 21.0.5 with PID 7564 (/Users/elkhanisayev/Documents/projects/g42/oms/ms-order/build/classes/java/main started by elkhanisayev in /Users/elkhanisayev/Documents/projects/g42/oms/ms-order)
2025-01-15 06:57:08 - The following 2 profiles are active: "logger", "db"
2025-01-15 06:57:08 - Bootstrapping Spring Data JPA repositories in DEFAULT mode.
2025-01-15 06:57:08 - Finished Spring Data repository scanning in 12 ms. Found 1 JPA repository interface.
2025-01-15 06:57:08 - Tomcat initialized with port 8080 (http)
2025-01-15 06:57:08 - Starting service [Tomcat]
2025-01-15 06:57:08 - Starting Servlet engine: [Apache Tomcat/10.1.34]
2025-01-15 06:57:08 - Initializing Spring embedded WebApplicationContext
2025-01-15 06:57:08 - Root WebApplicationContext: initialization completed in 494 ms
2025-01-15 06:57:08 - HikariUserCP - Starting...
2025-01-15 06:57:08 - HikariUserCP - Added connection org.postgresql.jdbc.PgConnection@995ad50
2025-01-15 06:57:08 - HikariUserCP - Start completed.
2025-01-15 06:57:08 - Set default schema name to public
2025-01-15 06:57:09 - Reading from public.msorderchangelog
2025-01-15 06:57:09 - Database is up to date, no changesets to execute
2025-01-15 06:57:09 - Reading from public.msorderchangelog
2025-01-15 06:57:09 - UPDATE SUMMARY
2025-01-15 06:57:09 - Run:                          0
2025-01-15 06:57:09 - Previously run:               2
2025-01-15 06:57:09 - Filtered out:                 0
2025-01-15 06:57:09 - -------------------------------
2025-01-15 06:57:09 - Total change sets:            2
2025-01-15 06:57:09 - Update summary generated
2025-01-15 06:57:09 - Command execution complete
2025-01-15 06:57:09 - HHH000204: Processing PersistenceUnitInfo [name: default]
2025-01-15 06:57:09 - HHH000412: Hibernate ORM core version 6.6.4.Final
2025-01-15 06:57:09 - HHH000026: Second-level cache disabled
2025-01-15 06:57:09 - No LoadTimeWeaver setup: ignoring JPA class transformer
2025-01-15 06:57:09 - HHH90000025: PostgreSQLDialect does not need to be specified explicitly using 'hibernate.dialect' (remove the property setting and it will be selected by default)
2025-01-15 06:57:09 - HHH10001005: Database info:
	Database JDBC URL [Connecting through datasource 'HikariDataSource (HikariUserCP)']
	Database driver: undefined/unknown
	Database version: 14.15
	Autocommit mode: undefined/unknown
	Isolation level: undefined/unknown
	Minimum pool size: undefined/unknown
	Maximum pool size: undefined/unknown
2025-01-15 06:57:09 - HHH000489: No JTA platform available (set 'hibernate.transaction.jta.platform' to enable JTA platform integration)
2025-01-15 06:57:09 - Initialized JPA EntityManagerFactory for persistence unit 'default'
2025-01-15 06:57:09 - spring.jpa.open-in-view is enabled by default. Therefore, database queries may be performed during view rendering. Explicitly configure spring.jpa.open-in-view to disable this warning
2025-01-15 06:57:09 - Exposing 1 endpoint beneath base path '/actuator'
2025-01-15 06:57:09 - Tomcat started on port 8080 (http) with context path '/'
2025-01-15 06:57:09 - Started MsOrderApplication in 1.709 seconds (process running for 1.89)
2025-01-15 06:57:09 - Initializing Spring DispatcherServlet 'dispatcherServlet'
2025-01-15 06:57:09 - Initializing Servlet 'dispatcherServlet'
2025-01-15 06:57:09 - Completed initialization in 1 ms
2025-01-15 06:59:02 - Commencing graceful shutdown. Waiting for active requests to complete
2025-01-15 06:59:02 - Graceful shutdown complete
2025-01-15 06:59:02 - Closing JPA EntityManagerFactory for persistence unit 'default'
2025-01-15 06:59:02 - HikariUserCP - Shutdown initiated...
2025-01-15 06:59:02 - HikariUserCP - Shutdown completed.
2025-01-15 07:05:47 - Starting MsOrderApplication using Java 21.0.5 with PID 7769 (/Users/elkhanisayev/Documents/projects/g42/oms/ms-order/build/classes/java/main started by elkhanisayev in /Users/elkhanisayev/Documents/projects/g42/oms/ms-order)
2025-01-15 07:05:47 - The following 2 profiles are active: "logger", "db"
2025-01-15 07:05:48 - Bootstrapping Spring Data JPA repositories in DEFAULT mode.
2025-01-15 07:05:48 - Finished Spring Data repository scanning in 11 ms. Found 1 JPA repository interface.
2025-01-15 07:05:48 - Tomcat initialized with port 8080 (http)
2025-01-15 07:05:48 - Starting service [Tomcat]
2025-01-15 07:05:48 - Starting Servlet engine: [Apache Tomcat/10.1.34]
2025-01-15 07:05:48 - Initializing Spring embedded WebApplicationContext
2025-01-15 07:05:48 - Root WebApplicationContext: initialization completed in 520 ms
2025-01-15 07:05:48 - HikariUserCP - Starting...
2025-01-15 07:05:48 - HikariUserCP - Added connection org.postgresql.jdbc.PgConnection@1cc708a7
2025-01-15 07:05:48 - HikariUserCP - Start completed.
2025-01-15 07:05:48 - Set default schema name to public
2025-01-15 07:05:48 - Reading from public.msorderchangelog
2025-01-15 07:05:48 - Database is up to date, no changesets to execute
2025-01-15 07:05:48 - Reading from public.msorderchangelog
2025-01-15 07:05:48 - UPDATE SUMMARY
2025-01-15 07:05:48 - Run:                          0
2025-01-15 07:05:48 - Previously run:               2
2025-01-15 07:05:48 - Filtered out:                 0
2025-01-15 07:05:48 - -------------------------------
2025-01-15 07:05:48 - Total change sets:            2
2025-01-15 07:05:48 - Update summary generated
2025-01-15 07:05:48 - Command execution complete
2025-01-15 07:05:48 - HHH000204: Processing PersistenceUnitInfo [name: default]
2025-01-15 07:05:48 - HHH000412: Hibernate ORM core version 6.6.4.Final
2025-01-15 07:05:48 - HHH000026: Second-level cache disabled
2025-01-15 07:05:48 - No LoadTimeWeaver setup: ignoring JPA class transformer
2025-01-15 07:05:48 - HHH90000025: PostgreSQLDialect does not need to be specified explicitly using 'hibernate.dialect' (remove the property setting and it will be selected by default)
2025-01-15 07:05:48 - HHH10001005: Database info:
	Database JDBC URL [Connecting through datasource 'HikariDataSource (HikariUserCP)']
	Database driver: undefined/unknown
	Database version: 14.15
	Autocommit mode: undefined/unknown
	Isolation level: undefined/unknown
	Minimum pool size: undefined/unknown
	Maximum pool size: undefined/unknown
2025-01-15 07:05:49 - HHH000489: No JTA platform available (set 'hibernate.transaction.jta.platform' to enable JTA platform integration)
2025-01-15 07:05:49 - Initialized JPA EntityManagerFactory for persistence unit 'default'
2025-01-15 07:05:49 - spring.jpa.open-in-view is enabled by default. Therefore, database queries may be performed during view rendering. Explicitly configure spring.jpa.open-in-view to disable this warning
2025-01-15 07:05:49 - Exposing 1 endpoint beneath base path '/actuator'
2025-01-15 07:05:49 - Tomcat started on port 8080 (http) with context path '/'
2025-01-15 07:05:49 - Started MsOrderApplication in 1.827 seconds (process running for 2.014)
2025-01-15 07:05:50 - Initializing Spring DispatcherServlet 'dispatcherServlet'
2025-01-15 07:05:50 - Initializing Servlet 'dispatcherServlet'
2025-01-15 07:05:50 - Completed initialization in 1 ms
2025-01-15 07:06:12 - handleNotFoundException exception: service.getAll page = 1 and size = 10
2025-01-15 07:06:49 - Commencing graceful shutdown. Waiting for active requests to complete
2025-01-15 07:06:49 - Graceful shutdown complete
2025-01-15 07:06:49 - Closing JPA EntityManagerFactory for persistence unit 'default'
2025-01-15 07:06:49 - HikariUserCP - Shutdown initiated...
2025-01-15 07:06:49 - HikariUserCP - Shutdown completed.
